<?xml version="1.0" encoding="UTF-8" ?>
<testsuites disabled="0" errors="0" failures="1" tests="2" time="8.924">
 <testsuite name="Pagina de detalhes" timestamp="2018-10-23T14:42:44" hostname="localhost" time="8.924" errors="0" tests="2" skipped="0" disabled="0" failures="1">
  <testcase classname="Pagina de detalhes" name="should have a title" time="3.102" />
  <testcase classname="Pagina de detalhes" name="Testa o search" time="5.821">
   <failure type="exception" message="Failed: unknown error: cannot focus element
  (Session info: chrome=70.0.3538.67)
  (Driver info: chromedriver=2.43.600210 (68dcf5eebde37173d4027fa8635e332711d2874a),platform=Windows NT 10.0.17134 x86_64)"><![CDATA[WebDriverError: unknown error: cannot focus element
  (Session info: chrome=70.0.3538.67)
  (Driver info: chromedriver=2.43.600210 (68dcf5eebde37173d4027fa8635e332711d2874a),platform=Windows NT 10.0.17134 x86_64)
    at Object.checkLegacyResponse (C:\Users\Icaro\es-na-palma-da-mao-mobile-vnext\node_modules\selenium-webdriver\lib\error.js:546:15)
    at parseHttpResponse (C:\Users\Icaro\es-na-palma-da-mao-mobile-vnext\node_modules\selenium-webdriver\lib\http.js:509:13)
    at doSend.then.response (C:\Users\Icaro\es-na-palma-da-mao-mobile-vnext\node_modules\selenium-webdriver\lib\http.js:441:30)
    at <anonymous>
    at process._tickCallback (internal/process/next_tick.js:188:7)
From: Task: WebElement.sendKeys()
    at Driver.schedule (C:\Users\Icaro\es-na-palma-da-mao-mobile-vnext\node_modules\selenium-webdriver\lib\webdriver.js:807:17)
    at WebElement.schedule_ (C:\Users\Icaro\es-na-palma-da-mao-mobile-vnext\node_modules\selenium-webdriver\lib\webdriver.js:2010:25)
    at WebElement.sendKeys (C:\Users\Icaro\es-na-palma-da-mao-mobile-vnext\node_modules\selenium-webdriver\lib\webdriver.js:2174:19)
    at actionFn (C:\Users\Icaro\es-na-palma-da-mao-mobile-vnext\node_modules\protractor\built\element.js:89:44)
    at Array.map (<anonymous>)
    at actionResults.getWebElements.then (C:\Users\Icaro\es-na-palma-da-mao-mobile-vnext\node_modules\protractor\built\element.js:461:65)
    at ManagedPromise.invokeCallback_ (C:\Users\Icaro\es-na-palma-da-mao-mobile-vnext\node_modules\selenium-webdriver\lib\promise.js:1376:14)
    at TaskQueue.execute_ (C:\Users\Icaro\es-na-palma-da-mao-mobile-vnext\node_modules\selenium-webdriver\lib\promise.js:3084:14)
    at TaskQueue.executeNext_ (C:\Users\Icaro\es-na-palma-da-mao-mobile-vnext\node_modules\selenium-webdriver\lib\promise.js:3067:27)
    at asyncRun (C:\Users\Icaro\es-na-palma-da-mao-mobile-vnext\node_modules\selenium-webdriver\lib\promise.js:2927:27)Error
    at ElementArrayFinder.applyAction_ (C:\Users\Icaro\es-na-palma-da-mao-mobile-vnext\node_modules\protractor\built\element.js:459:27)
    at ElementArrayFinder.(anonymous function).args [as sendKeys] (C:\Users\Icaro\es-na-palma-da-mao-mobile-vnext\node_modules\protractor\built\element.js:91:29)
    at ElementFinder.(anonymous function).args [as sendKeys] (C:\Users\Icaro\es-na-palma-da-mao-mobile-vnext\node_modules\protractor\built\element.js:831:22)
    at UserContext.<anonymous> (C:\Users\Icaro\es-na-palma-da-mao-mobile-vnext\e2e\empregabilidade\search.spec.ts:17:15)
    at C:\Users\Icaro\es-na-palma-da-mao-mobile-vnext\node_modules\jasminewd2\index.js:112:25
    at new ManagedPromise (C:\Users\Icaro\es-na-palma-da-mao-mobile-vnext\node_modules\selenium-webdriver\lib\promise.js:1077:7)
    at ControlFlow.promise (C:\Users\Icaro\es-na-palma-da-mao-mobile-vnext\node_modules\selenium-webdriver\lib\promise.js:2505:12)
    at schedulerExecute (C:\Users\Icaro\es-na-palma-da-mao-mobile-vnext\node_modules\jasminewd2\index.js:95:18)
    at TaskQueue.execute_ (C:\Users\Icaro\es-na-palma-da-mao-mobile-vnext\node_modules\selenium-webdriver\lib\promise.js:3084:14)
    at TaskQueue.executeNext_ (C:\Users\Icaro\es-na-palma-da-mao-mobile-vnext\node_modules\selenium-webdriver\lib\promise.js:3067:27)
From: Task: Run it("Testa o search") in control flow
    at UserContext.<anonymous> (C:\Users\Icaro\es-na-palma-da-mao-mobile-vnext\node_modules\jasminewd2\index.js:94:19)
    at attempt (C:\Users\Icaro\es-na-palma-da-mao-mobile-vnext\node_modules\protractor\node_modules\jasmine-core\lib\jasmine-core\jasmine.js:4297:26)
    at QueueRunner.run (C:\Users\Icaro\es-na-palma-da-mao-mobile-vnext\node_modules\protractor\node_modules\jasmine-core\lib\jasmine-core\jasmine.js:4217:20)
    at runNext (C:\Users\Icaro\es-na-palma-da-mao-mobile-vnext\node_modules\protractor\node_modules\jasmine-core\lib\jasmine-core\jasmine.js:4257:20)
    at C:\Users\Icaro\es-na-palma-da-mao-mobile-vnext\node_modules\protractor\node_modules\jasmine-core\lib\jasmine-core\jasmine.js:4264:13
    at C:\Users\Icaro\es-na-palma-da-mao-mobile-vnext\node_modules\protractor\node_modules\jasmine-core\lib\jasmine-core\jasmine.js:4172:9
    at C:\Users\Icaro\es-na-palma-da-mao-mobile-vnext\node_modules\jasminewd2\index.js:64:48
    at ControlFlow.emit (C:\Users\Icaro\es-na-palma-da-mao-mobile-vnext\node_modules\selenium-webdriver\lib\events.js:62:21)
    at ControlFlow.shutdown_ (C:\Users\Icaro\es-na-palma-da-mao-mobile-vnext\node_modules\selenium-webdriver\lib\promise.js:2674:10)
    at shutdownTask_.MicroTask (C:\Users\Icaro\es-na-palma-da-mao-mobile-vnext\node_modules\selenium-webdriver\lib\promise.js:2599:53)
From asynchronous test: 
Error
    at Suite.<anonymous> (C:\Users\Icaro\es-na-palma-da-mao-mobile-vnext\e2e\empregabilidade\search.spec.ts:12:5)
    at addSpecsToSuite (C:\Users\Icaro\es-na-palma-da-mao-mobile-vnext\node_modules\protractor\node_modules\jasmine-core\lib\jasmine-core\jasmine.js:1107:25)
    at Env.describe (C:\Users\Icaro\es-na-palma-da-mao-mobile-vnext\node_modules\protractor\node_modules\jasmine-core\lib\jasmine-core\jasmine.js:1074:7)
    at describe (C:\Users\Icaro\es-na-palma-da-mao-mobile-vnext\node_modules\protractor\node_modules\jasmine-core\lib\jasmine-core\jasmine.js:4399:18)
    at Object.<anonymous> (C:\Users\Icaro\es-na-palma-da-mao-mobile-vnext\e2e\empregabilidade\search.spec.ts:4:1)
    at Module._compile (module.js:652:30)
    at Module.m._compile (C:\Users\Icaro\es-na-palma-da-mao-mobile-vnext\node_modules\ts-node\src\index.ts:439:23)
    at Module._extensions..js (module.js:663:10)
    at Object.require.extensions.(anonymous function) [as .ts] (C:\Users\Icaro\es-na-palma-da-mao-mobile-vnext\node_modules\ts-node\src\index.ts:442:12)]]>
   </failure>
  </testcase>
 </testsuite>
</testsuites>