<?xml version="1.0" encoding="UTF-8" ?>
<testsuites disabled="0" errors="0" failures="1" tests="2" time="4.323">
 <testsuite name="Pagina de detalhes" timestamp="2018-10-18T18:52:17" hostname="localhost" time="4.323" errors="0" tests="2" skipped="0" disabled="0" failures="1">
  <testcase classname="Pagina de detalhes" name="should have a title" time="1.274" />
  <testcase classname="Pagina de detalhes" name="Testa o search" time="3.049">
   <failure type="exception" message="Failed: unknown error: angular is not defined
  (Session info: chrome=70.0.3538.67)
  (Driver info: chromedriver=2.43.600233 (523efee95e3d68b8719b3a1c83051aa63aa6b10d),platform=Linux 4.15.0-36-generic x86_64)"><![CDATA[WebDriverError: unknown error: angular is not defined
  (Session info: chrome=70.0.3538.67)
  (Driver info: chromedriver=2.43.600233 (523efee95e3d68b8719b3a1c83051aa63aa6b10d),platform=Linux 4.15.0-36-generic x86_64)
    at Object.checkLegacyResponse (/home/icaro/es-na-palma-da-mao-mobile-vnext/node_modules/selenium-webdriver/lib/error.js:546:15)
    at parseHttpResponse (/home/icaro/es-na-palma-da-mao-mobile-vnext/node_modules/selenium-webdriver/lib/http.js:509:13)
    at doSend.then.response (/home/icaro/es-na-palma-da-mao-mobile-vnext/node_modules/selenium-webdriver/lib/http.js:441:30)
    at <anonymous>
    at process._tickCallback (internal/process/next_tick.js:189:7)
From: Task: WebDriver.executeScript()
    at Driver.schedule (/home/icaro/es-na-palma-da-mao-mobile-vnext/node_modules/selenium-webdriver/lib/webdriver.js:807:17)
    at Driver.executeScript (/home/icaro/es-na-palma-da-mao-mobile-vnext/node_modules/selenium-webdriver/lib/webdriver.js:878:16)
    at /home/icaro/es-na-palma-da-mao-mobile-vnext/node_modules/selenium-webdriver/lib/by.js:191:35
    at call (/home/icaro/es-na-palma-da-mao-mobile-vnext/node_modules/selenium-webdriver/lib/webdriver.js:1068:28)
    at /home/icaro/es-na-palma-da-mao-mobile-vnext/node_modules/selenium-webdriver/lib/webdriver.js:907:19
    at ManagedPromise.invokeCallback_ (/home/icaro/es-na-palma-da-mao-mobile-vnext/node_modules/selenium-webdriver/lib/promise.js:1376:14)
    at TaskQueue.execute_ (/home/icaro/es-na-palma-da-mao-mobile-vnext/node_modules/selenium-webdriver/lib/promise.js:3084:14)
    at TaskQueue.executeNext_ (/home/icaro/es-na-palma-da-mao-mobile-vnext/node_modules/selenium-webdriver/lib/promise.js:3067:27)
    at asyncRun (/home/icaro/es-na-palma-da-mao-mobile-vnext/node_modules/selenium-webdriver/lib/promise.js:2974:25)
    at /home/icaro/es-na-palma-da-mao-mobile-vnext/node_modules/selenium-webdriver/lib/promise.js:668:7
From: Task: WebDriver.call(function)
    at Driver.call (/home/icaro/es-na-palma-da-mao-mobile-vnext/node_modules/selenium-webdriver/lib/webdriver.js:901:23)
    at Driver.findElementsInternal_ (/home/icaro/es-na-palma-da-mao-mobile-vnext/node_modules/selenium-webdriver/lib/webdriver.js:1068:17)
    at Driver.findElements (/home/icaro/es-na-palma-da-mao-mobile-vnext/node_modules/selenium-webdriver/lib/webdriver.js:1043:19)
    at Object.findElementsOverride (/home/icaro/es-na-palma-da-mao-mobile-vnext/node_modules/protractor/built/locators.js:177:31)
    at ptor.waitForAngular.then (/home/icaro/es-na-palma-da-mao-mobile-vnext/node_modules/protractor/built/element.js:156:40)
    at ManagedPromise.invokeCallback_ (/home/icaro/es-na-palma-da-mao-mobile-vnext/node_modules/selenium-webdriver/lib/promise.js:1376:14)
    at TaskQueue.execute_ (/home/icaro/es-na-palma-da-mao-mobile-vnext/node_modules/selenium-webdriver/lib/promise.js:3084:14)
    at TaskQueue.executeNext_ (/home/icaro/es-na-palma-da-mao-mobile-vnext/node_modules/selenium-webdriver/lib/promise.js:3067:27)
    at asyncRun (/home/icaro/es-na-palma-da-mao-mobile-vnext/node_modules/selenium-webdriver/lib/promise.js:2927:27)
    at /home/icaro/es-na-palma-da-mao-mobile-vnext/node_modules/selenium-webdriver/lib/promise.js:668:7Error
    at ElementArrayFinder.applyAction_ (/home/icaro/es-na-palma-da-mao-mobile-vnext/node_modules/protractor/built/element.js:459:27)
    at ElementArrayFinder.(anonymous function).args [as sendKeys] (/home/icaro/es-na-palma-da-mao-mobile-vnext/node_modules/protractor/built/element.js:91:29)
    at ElementFinder.(anonymous function).args [as sendKeys] (/home/icaro/es-na-palma-da-mao-mobile-vnext/node_modules/protractor/built/element.js:831:22)
    at UserContext.<anonymous> (/home/icaro/es-na-palma-da-mao-mobile-vnext/e2e/empregabilidade/details.spec.ts:19:15)
    at /home/icaro/es-na-palma-da-mao-mobile-vnext/node_modules/jasminewd2/index.js:112:25
    at new ManagedPromise (/home/icaro/es-na-palma-da-mao-mobile-vnext/node_modules/selenium-webdriver/lib/promise.js:1077:7)
    at ControlFlow.promise (/home/icaro/es-na-palma-da-mao-mobile-vnext/node_modules/selenium-webdriver/lib/promise.js:2505:12)
    at schedulerExecute (/home/icaro/es-na-palma-da-mao-mobile-vnext/node_modules/jasminewd2/index.js:95:18)
    at TaskQueue.execute_ (/home/icaro/es-na-palma-da-mao-mobile-vnext/node_modules/selenium-webdriver/lib/promise.js:3084:14)
    at TaskQueue.executeNext_ (/home/icaro/es-na-palma-da-mao-mobile-vnext/node_modules/selenium-webdriver/lib/promise.js:3067:27)
From: Task: Run it("Testa o search") in control flow
    at UserContext.<anonymous> (/home/icaro/es-na-palma-da-mao-mobile-vnext/node_modules/jasminewd2/index.js:94:19)
    at attempt (/home/icaro/es-na-palma-da-mao-mobile-vnext/node_modules/protractor/node_modules/jasmine-core/lib/jasmine-core/jasmine.js:4297:26)
    at QueueRunner.run (/home/icaro/es-na-palma-da-mao-mobile-vnext/node_modules/protractor/node_modules/jasmine-core/lib/jasmine-core/jasmine.js:4217:20)
    at runNext (/home/icaro/es-na-palma-da-mao-mobile-vnext/node_modules/protractor/node_modules/jasmine-core/lib/jasmine-core/jasmine.js:4257:20)
    at /home/icaro/es-na-palma-da-mao-mobile-vnext/node_modules/protractor/node_modules/jasmine-core/lib/jasmine-core/jasmine.js:4264:13
    at /home/icaro/es-na-palma-da-mao-mobile-vnext/node_modules/protractor/node_modules/jasmine-core/lib/jasmine-core/jasmine.js:4172:9
    at /home/icaro/es-na-palma-da-mao-mobile-vnext/node_modules/jasminewd2/index.js:64:48
    at ControlFlow.emit (/home/icaro/es-na-palma-da-mao-mobile-vnext/node_modules/selenium-webdriver/lib/events.js:62:21)
    at ControlFlow.shutdown_ (/home/icaro/es-na-palma-da-mao-mobile-vnext/node_modules/selenium-webdriver/lib/promise.js:2674:10)
    at shutdownTask_.MicroTask (/home/icaro/es-na-palma-da-mao-mobile-vnext/node_modules/selenium-webdriver/lib/promise.js:2599:53)
From asynchronous test: 
Error
    at Suite.<anonymous> (/home/icaro/es-na-palma-da-mao-mobile-vnext/e2e/empregabilidade/details.spec.ts:12:5)
    at addSpecsToSuite (/home/icaro/es-na-palma-da-mao-mobile-vnext/node_modules/protractor/node_modules/jasmine-core/lib/jasmine-core/jasmine.js:1107:25)
    at Env.describe (/home/icaro/es-na-palma-da-mao-mobile-vnext/node_modules/protractor/node_modules/jasmine-core/lib/jasmine-core/jasmine.js:1074:7)
    at describe (/home/icaro/es-na-palma-da-mao-mobile-vnext/node_modules/protractor/node_modules/jasmine-core/lib/jasmine-core/jasmine.js:4399:18)
    at Object.<anonymous> (/home/icaro/es-na-palma-da-mao-mobile-vnext/e2e/empregabilidade/details.spec.ts:4:1)
    at Module._compile (module.js:653:30)
    at Module.m._compile (/home/icaro/es-na-palma-da-mao-mobile-vnext/node_modules/ts-node/src/index.ts:439:23)
    at Module._extensions..js (module.js:664:10)
    at Object.require.extensions.(anonymous function) [as .ts] (/home/icaro/es-na-palma-da-mao-mobile-vnext/node_modules/ts-node/src/index.ts:442:12)]]>
   </failure>
  </testcase>
 </testsuite>
</testsuites>